e:\computer_stuff\sviluppo\os-study\windows\winapi\code_injection\reflective_dll_injcetion\reffdllinje\reffdllinje\dll\x64\release\vc141.pdb
e:\computer_stuff\sviluppo\os-study\windows\winapi\code_injection\reflective_dll_injcetion\reffdllinje\reffdllinje\dll\x64\release\refloader.obj
e:\computer_stuff\sviluppo\os-study\windows\winapi\code_injection\reflective_dll_injcetion\reffdllinje\reffdllinje\dll\x64\release\dllmain.obj
e:\computer_stuff\sviluppo\os-study\windows\winapi\code_injection\reflective_dll_injcetion\reffdllinje\reffdllinje\x64\release\dll.lib
e:\computer_stuff\sviluppo\os-study\windows\winapi\code_injection\reflective_dll_injcetion\reffdllinje\reffdllinje\x64\release\dll.exp
e:\computer_stuff\sviluppo\os-study\windows\winapi\code_injection\reflective_dll_injcetion\reffdllinje\reffdllinje\x64\release\dll.ipdb
e:\computer_stuff\sviluppo\os-study\windows\winapi\code_injection\reflective_dll_injcetion\reffdllinje\reffdllinje\x64\release\dll.iobj
e:\computer_stuff\sviluppo\os-study\windows\winapi\code_injection\reflective_dll_injcetion\reffdllinje\reffdllinje\x64\release\payload_64bit.lib
e:\computer_stuff\sviluppo\os-study\windows\winapi\code_injection\reflective_dll_injcetion\reffdllinje\reffdllinje\x64\release\payload_64bit.exp
e:\computer_stuff\sviluppo\os-study\windows\winapi\code_injection\reflective_dll_injcetion\reffdllinje\reffdllinje\x64\release\payload_64bit.ipdb
e:\computer_stuff\sviluppo\os-study\windows\winapi\code_injection\reflective_dll_injcetion\reffdllinje\reffdllinje\x64\release\payload_64bit.iobj
e:\computer_stuff\sviluppo\os-study\windows\winapi\code_injection\reflective_dll_injcetion\reffdllinje\reffdllinje\x64\release\dll.dll
e:\computer_stuff\sviluppo\os-study\windows\winapi\code_injection\reflective_dll_injcetion\reffdllinje\reffdllinje\x64\release\dll.pdb
e:\computer_stuff\sviluppo\os-study\windows\winapi\code_injection\reflective_dll_injcetion\reffdllinje\reffdllinje\x64\release\payload_64bit.dll
e:\computer_stuff\sviluppo\os-study\windows\winapi\code_injection\reflective_dll_injcetion\reffdllinje\reffdllinje\x64\release\payload_64bit.pdb
e:\computer_stuff\sviluppo\os-study\windows\winapi\code_injection\reflective_dll_injcetion\reffdllinje\reffdllinje\dll\x64\release\dll.tlog\cl.command.1.tlog
e:\computer_stuff\sviluppo\os-study\windows\winapi\code_injection\reflective_dll_injcetion\reffdllinje\reffdllinje\dll\x64\release\dll.tlog\cl.read.1.tlog
e:\computer_stuff\sviluppo\os-study\windows\winapi\code_injection\reflective_dll_injcetion\reffdllinje\reffdllinje\dll\x64\release\dll.tlog\cl.write.1.tlog
e:\computer_stuff\sviluppo\os-study\windows\winapi\code_injection\reflective_dll_injcetion\reffdllinje\reffdllinje\dll\x64\release\dll.tlog\dll.write.1u.tlog
e:\computer_stuff\sviluppo\os-study\windows\winapi\code_injection\reflective_dll_injcetion\reffdllinje\reffdllinje\dll\x64\release\dll.tlog\link.command.1.tlog
e:\computer_stuff\sviluppo\os-study\windows\winapi\code_injection\reflective_dll_injcetion\reffdllinje\reffdllinje\dll\x64\release\dll.tlog\link.read.1.tlog
e:\computer_stuff\sviluppo\os-study\windows\winapi\code_injection\reflective_dll_injcetion\reffdllinje\reffdllinje\dll\x64\release\dll.tlog\link.write.1.tlog
